customer-mitra/frontend/build/app/intermediates/manifest_merge_blame_file/debug/manifest-merger-blame-debug-report.txt
1<?xml version="1.0" encoding="utf-8"?>
2<manifest xmlns:android="http://schemas.android.com/apk/res/android"
3    package="com.example.nebeng"
4    android:versionCode="1"
5    android:versionName="1.0.0" >
6
7    <uses-sdk
8        android:minSdkVersion="21"
9        android:targetSdkVersion="33" />
10    <!--
11         The INTERNET permission is required for development. Specifically,
12         the Flutter tool needs it to communicate with the running application
13         to allow setting breakpoints, to provide hot reload, etc.
14    -->
15    <uses-permission android:name="android.permission.INTERNET" />
15-->src/main/AndroidManifest.xml:2:5-67
15-->src/main/AndroidManifest.xml:2:22-64
16    <!-- Location permissions required for driver (mitra) tracking -->
17    <uses-permission android:name="android.permission.ACCESS_COARSE_LOCATION" />
17-->src/main/AndroidManifest.xml:4:5-81
17-->src/main/AndroidManifest.xml:4:22-78
18    <uses-permission android:name="android.permission.ACCESS_FINE_LOCATION" /> <!-- Phone call permission for url_launcher -->
18-->src/main/AndroidManifest.xml:5:5-79
18-->src/main/AndroidManifest.xml:5:22-76
19    <uses-permission android:name="android.permission.CALL_PHONE" />
19-->src/main/AndroidManifest.xml:7:5-69
19-->src/main/AndroidManifest.xml:7:22-66
20    <!--
21 Required to query activities that can process text, see:
22         https://developer.android.com/training/package-visibility?hl=en and
23         https://developer.android.com/reference/android/content/Intent#ACTION_PROCESS_TEXT.
24
25         In particular, this is used by the Flutter engine in io.flutter.plugin.text.ProcessTextPlugin.
26    -->
27    <queries>
27-->src/main/AndroidManifest.xml:46:5-56:15
28        <intent>
28-->src/main/AndroidManifest.xml:47:9-50:18
29            <action android:name="android.intent.action.PROCESS_TEXT" />
29-->src/main/AndroidManifest.xml:48:13-72
29-->src/main/AndroidManifest.xml:48:21-70
30
31            <data android:mimeType="text/plain" />
31-->src/main/AndroidManifest.xml:49:13-50
31-->src/main/AndroidManifest.xml:49:19-48
32        </intent>
33        <!-- Query for phone dialer app -->
34        <intent>
34-->src/main/AndroidManifest.xml:52:9-55:18
35            <action android:name="android.intent.action.DIAL" />
35-->src/main/AndroidManifest.xml:53:13-64
35-->src/main/AndroidManifest.xml:53:21-62
36
37            <data android:scheme="tel" />
37-->src/main/AndroidManifest.xml:49:13-50
38        </intent>
39    </queries>
40
41    <uses-permission android:name="android.permission.WAKE_LOCK" />
41-->[:firebase_messaging] AndroidManifest.xml:10:5-68
41-->[:firebase_messaging] AndroidManifest.xml:10:22-65
42    <uses-permission android:name="android.permission.ACCESS_NETWORK_STATE" /> <!-- Permissions options for the `notification` group -->
42-->[:firebase_messaging] AndroidManifest.xml:11:5-79
42-->[:firebase_messaging] AndroidManifest.xml:11:22-76
43    <uses-permission android:name="android.permission.POST_NOTIFICATIONS" />
43-->[:firebase_messaging] AndroidManifest.xml:13:5-77
43-->[:firebase_messaging] AndroidManifest.xml:13:22-74
44    <uses-permission android:name="android.permission.RECEIVE_BOOT_COMPLETED" />
44-->[:flutter_local_notifications] AndroidManifest.xml:9:5-81
44-->[:flutter_local_notifications] AndroidManifest.xml:9:22-78
45    <uses-permission android:name="android.permission.VIBRATE" />
45-->[:flutter_local_notifications] AndroidManifest.xml:10:5-66
45-->[:flutter_local_notifications] AndroidManifest.xml:10:22-63
46    <uses-permission android:name="android.permission.USE_FULL_SCREEN_INTENT" />
46-->[:flutter_local_notifications] AndroidManifest.xml:11:5-81
46-->[:flutter_local_notifications] AndroidManifest.xml:11:22-78
47    <uses-permission android:name="android.permission.SCHEDULE_EXACT_ALARM" />
47-->[:flutter_local_notifications] AndroidManifest.xml:12:5-79
47-->[:flutter_local_notifications] AndroidManifest.xml:12:22-76
48    <uses-permission android:name="android.permission.CAMERA" />
48-->[:mobile_scanner] AndroidManifest.xml:9:5-65
48-->[:mobile_scanner] AndroidManifest.xml:9:22-62
49
50    <uses-feature
50-->[:mobile_scanner] AndroidManifest.xml:11:5-13:36
51        android:name="android.hardware.camera"
51-->[:mobile_scanner] AndroidManifest.xml:12:9-47
52        android:required="false" /> <!-- Required by older versions of Google Play services to create IID tokens -->
52-->[:mobile_scanner] AndroidManifest.xml:13:9-33
53    <uses-permission android:name="com.google.android.c2dm.permission.RECEIVE" />
53-->[com.google.firebase:firebase-messaging:23.4.1] AndroidManifest.xml:26:5-82
53-->[com.google.firebase:firebase-messaging:23.4.1] AndroidManifest.xml:26:22-79
54
55    <permission
55-->[androidx.core:core:1.13.0] AndroidManifest.xml:22:5-24:47
56        android:name="com.example.nebeng.DYNAMIC_RECEIVER_NOT_EXPORTED_PERMISSION"
56-->[androidx.core:core:1.13.0] AndroidManifest.xml:23:9-81
57        android:protectionLevel="signature" />
57-->[androidx.core:core:1.13.0] AndroidManifest.xml:24:9-44
58
59    <uses-permission android:name="com.example.nebeng.DYNAMIC_RECEIVER_NOT_EXPORTED_PERMISSION" /> <!-- If you need background updates (optional), uncomment the line below and handle runtime request on Android 10+ -->
59-->[androidx.core:core:1.13.0] AndroidManifest.xml:26:5-97
59-->[androidx.core:core:1.13.0] AndroidManifest.xml:26:22-94
60    <!-- <uses-permission android:name="android.permission.ACCESS_BACKGROUND_LOCATION" /> -->
61    <application
62        android:name="android.app.Application"
63        android:appComponentFactory="androidx.core.app.CoreComponentFactory"
63-->[androidx.core:core:1.13.0] AndroidManifest.xml:28:18-86
64        android:debuggable="true"
65        android:icon="@mipmap/ic_launcher"
66        android:label="nebeng" >
67        <activity
68            android:name="com.example.nebeng.MainActivity"
69            android:configChanges="orientation|keyboardHidden|keyboard|screenSize|smallestScreenSize|locale|layoutDirection|fontScale|screenLayout|density|uiMode"
70            android:exported="true"
71            android:hardwareAccelerated="true"
72            android:launchMode="singleTop"
73            android:theme="@style/LaunchTheme"
74            android:windowSoftInputMode="adjustResize" >
75
76            <!--
77                 Specifies an Android theme to apply to this Activity as soon as
78                 the Android process has started. This theme is visible to the user
79                 while the Flutter UI initializes. After that, this theme continues
80                 to determine the Window background behind the Flutter UI.
81            -->
82            <meta-data
83                android:name="io.flutter.embedding.android.NormalTheme"
84                android:resource="@style/NormalTheme" />
85
86            <intent-filter>
87                <action android:name="android.intent.action.MAIN" />
88
89                <category android:name="android.intent.category.LAUNCHER" />
90            </intent-filter>
91        </activity>
92        <!--
93             Don't delete the meta-data below.
94             This is used by the Flutter tool to generate GeneratedPluginRegistrant.java
95        -->
96        <meta-data
97            android:name="flutterEmbedding"
98            android:value="2" />
99
100        <service
100-->[:cloud_firestore] AndroidManifest.xml:10:9-14:19
101            android:name="com.google.firebase.components.ComponentDiscoveryService"
101-->[:cloud_firestore] AndroidManifest.xml:10:18-89
102            android:directBootAware="true"
102-->[com.google.firebase:firebase-common:20.4.3] AndroidManifest.xml:32:13-43
103            android:exported="false" >
103-->[com.google.firebase:firebase-firestore:24.11.0] AndroidManifest.xml:16:13-37
104            <meta-data
104-->[:cloud_firestore] AndroidManifest.xml:11:13-13:85
105                android:name="com.google.firebase.components:io.flutter.plugins.firebase.firestore.FlutterFirebaseFirestoreRegistrar"
105-->[:cloud_firestore] AndroidManifest.xml:12:17-134
106                android:value="com.google.firebase.components.ComponentRegistrar" />
106-->[:cloud_firestore] AndroidManifest.xml:13:17-82
107            <meta-data
107-->[:firebase_messaging] AndroidManifest.xml:38:13-40:85
108                android:name="com.google.firebase.components:io.flutter.plugins.firebase.messaging.FlutterFirebaseAppRegistrar"
108-->[:firebase_messaging] AndroidManifest.xml:39:17-128
109                android:value="com.google.firebase.components.ComponentRegistrar" />
109-->[:firebase_messaging] AndroidManifest.xml:40:17-82
110            <meta-data
110-->[:firebase_core] AndroidManifest.xml:11:13-13:85
111                android:name="com.google.firebase.components:io.flutter.plugins.firebase.core.FlutterFirebaseCoreRegistrar"
111-->[:firebase_core] AndroidManifest.xml:12:17-124
112                android:value="com.google.firebase.components.ComponentRegistrar" />
112-->[:firebase_core] AndroidManifest.xml:13:17-82
113            <meta-data
113-->[com.google.firebase:firebase-firestore:24.11.0] AndroidManifest.xml:17:13-19:85
114                android:name="com.google.firebase.components:com.google.firebase.firestore.FirebaseFirestoreKtxRegistrar"
114-->[com.google.firebase:firebase-firestore:24.11.0] AndroidManifest.xml:18:17-122
115                android:value="com.google.firebase.components.ComponentRegistrar" />
115-->[com.google.firebase:firebase-firestore:24.11.0] AndroidManifest.xml:19:17-82
116            <meta-data
116-->[com.google.firebase:firebase-firestore:24.11.0] AndroidManifest.xml:20:13-22:85
117                android:name="com.google.firebase.components:com.google.firebase.firestore.FirestoreRegistrar"
117-->[com.google.firebase:firebase-firestore:24.11.0] AndroidManifest.xml:21:17-111
118                android:value="com.google.firebase.components.ComponentRegistrar" />
118-->[com.google.firebase:firebase-firestore:24.11.0] AndroidManifest.xml:22:17-82
119            <meta-data
119-->[com.google.firebase:firebase-messaging:23.4.1] AndroidManifest.xml:57:13-59:85
120                android:name="com.google.firebase.components:com.google.firebase.messaging.FirebaseMessagingKtxRegistrar"
120-->[com.google.firebase:firebase-messaging:23.4.1] AndroidManifest.xml:58:17-122
121                android:value="com.google.firebase.components.ComponentRegistrar" />
121-->[com.google.firebase:firebase-messaging:23.4.1] AndroidManifest.xml:59:17-82
122            <meta-data
122-->[com.google.firebase:firebase-messaging:23.4.1] AndroidManifest.xml:60:13-62:85
123                android:name="com.google.firebase.components:com.google.firebase.messaging.FirebaseMessagingRegistrar"
123-->[com.google.firebase:firebase-messaging:23.4.1] AndroidManifest.xml:61:17-119
124                android:value="com.google.firebase.components.ComponentRegistrar" />
124-->[com.google.firebase:firebase-messaging:23.4.1] AndroidManifest.xml:62:17-82
125            <meta-data
125-->[com.google.firebase:firebase-installations:17.2.0] AndroidManifest.xml:15:13-17:85
126                android:name="com.google.firebase.components:com.google.firebase.installations.FirebaseInstallationsKtxRegistrar"
126-->[com.google.firebase:firebase-installations:17.2.0] AndroidManifest.xml:16:17-130
127                android:value="com.google.firebase.components.ComponentRegistrar" />
127-->[com.google.firebase:firebase-installations:17.2.0] AndroidManifest.xml:17:17-82
128            <meta-data
128-->[com.google.firebase:firebase-installations:17.2.0] AndroidManifest.xml:18:13-20:85
129                android:name="com.google.firebase.components:com.google.firebase.installations.FirebaseInstallationsRegistrar"
129-->[com.google.firebase:firebase-installations:17.2.0] AndroidManifest.xml:19:17-127
130                android:value="com.google.firebase.components.ComponentRegistrar" />
130-->[com.google.firebase:firebase-installations:17.2.0] AndroidManifest.xml:20:17-82
131            <meta-data
131-->[com.google.firebase:firebase-common-ktx:20.4.3] AndroidManifest.xml:12:13-14:85
132                android:name="com.google.firebase.components:com.google.firebase.ktx.FirebaseCommonLegacyRegistrar"
132-->[com.google.firebase:firebase-common-ktx:20.4.3] AndroidManifest.xml:13:17-116
133                android:value="com.google.firebase.components.ComponentRegistrar" />
133-->[com.google.firebase:firebase-common-ktx:20.4.3] AndroidManifest.xml:14:17-82
134            <meta-data
134-->[com.google.firebase:firebase-common:20.4.3] AndroidManifest.xml:35:13-37:85
135                android:name="com.google.firebase.components:com.google.firebase.FirebaseCommonKtxRegistrar"
135-->[com.google.firebase:firebase-common:20.4.3] AndroidManifest.xml:36:17-109
136                android:value="com.google.firebase.components.ComponentRegistrar" />
136-->[com.google.firebase:firebase-common:20.4.3] AndroidManifest.xml:37:17-82
137            <meta-data
137-->[com.google.firebase:firebase-datatransport:18.1.7] AndroidManifest.xml:27:13-29:85
138                android:name="com.google.firebase.components:com.google.firebase.datatransport.TransportRegistrar"
138-->[com.google.firebase:firebase-datatransport:18.1.7] AndroidManifest.xml:28:17-115
139                android:value="com.google.firebase.components.ComponentRegistrar" />
139-->[com.google.firebase:firebase-datatransport:18.1.7] AndroidManifest.xml:29:17-82
140        </service>
141        <service
141-->[:firebase_messaging] AndroidManifest.xml:16:9-19:72
142            android:name="io.flutter.plugins.firebase.messaging.FlutterFirebaseMessagingBackgroundService"
142-->[:firebase_messaging] AndroidManifest.xml:17:13-107
143            android:exported="false"
143-->[:firebase_messaging] AndroidManifest.xml:18:13-37
144            android:permission="android.permission.BIND_JOB_SERVICE" />
144-->[:firebase_messaging] AndroidManifest.xml:19:13-69
145        <service
145-->[:firebase_messaging] AndroidManifest.xml:20:9-26:19
146            android:name="io.flutter.plugins.firebase.messaging.FlutterFirebaseMessagingService"
146-->[:firebase_messaging] AndroidManifest.xml:21:13-97
147            android:exported="false" >
147-->[:firebase_messaging] AndroidManifest.xml:22:13-37
148            <intent-filter>
148-->[:firebase_messaging] AndroidManifest.xml:23:13-25:29
149                <action android:name="com.google.firebase.MESSAGING_EVENT" />
149-->[:firebase_messaging] AndroidManifest.xml:24:17-78
149-->[:firebase_messaging] AndroidManifest.xml:24:25-75
150            </intent-filter>
151        </service>
152
153        <receiver
153-->[:firebase_messaging] AndroidManifest.xml:28:9-35:20
154            android:name="io.flutter.plugins.firebase.messaging.FlutterFirebaseMessagingReceiver"
154-->[:firebase_messaging] AndroidManifest.xml:29:13-98
155            android:exported="true"
155-->[:firebase_messaging] AndroidManifest.xml:30:13-36
156            android:permission="com.google.android.c2dm.permission.SEND" >
156-->[:firebase_messaging] AndroidManifest.xml:31:13-73
157            <intent-filter>
157-->[:firebase_messaging] AndroidManifest.xml:32:13-34:29
158                <action android:name="com.google.android.c2dm.intent.RECEIVE" />
158-->[:firebase_messaging] AndroidManifest.xml:33:17-81
158-->[:firebase_messaging] AndroidManifest.xml:33:25-78
159            </intent-filter>
160        </receiver>
161
162        <provider
162-->[:firebase_messaging] AndroidManifest.xml:43:9-47:38
163            android:name="io.flutter.plugins.firebase.messaging.FlutterFirebaseMessagingInitProvider"
163-->[:firebase_messaging] AndroidManifest.xml:44:13-102
164            android:authorities="com.example.nebeng.flutterfirebasemessaginginitprovider"
164-->[:firebase_messaging] AndroidManifest.xml:45:13-88
165            android:exported="false"
165-->[:firebase_messaging] AndroidManifest.xml:46:13-37
166            android:initOrder="99" />
166-->[:firebase_messaging] AndroidManifest.xml:47:13-35
167
168        <service
168-->[:geolocator_android] AndroidManifest.xml:10:9-14:56
169            android:name="com.baseflow.geolocator.GeolocatorLocationService"
169-->[:geolocator_android] AndroidManifest.xml:11:13-77
170            android:enabled="true"
170-->[:geolocator_android] AndroidManifest.xml:12:13-35
171            android:exported="false"
171-->[:geolocator_android] AndroidManifest.xml:13:13-37
172            android:foregroundServiceType="location" />
172-->[:geolocator_android] AndroidManifest.xml:14:13-53
173
174        <provider
174-->[:image_picker_android] AndroidManifest.xml:11:9-19:20
175            android:name="io.flutter.plugins.imagepicker.ImagePickerFileProvider"
175-->[:image_picker_android] AndroidManifest.xml:12:13-82
176            android:authorities="com.example.nebeng.flutter.image_provider"
176-->[:image_picker_android] AndroidManifest.xml:13:13-74
177            android:exported="false"
177-->[:image_picker_android] AndroidManifest.xml:14:13-37
178            android:grantUriPermissions="true" >
178-->[:image_picker_android] AndroidManifest.xml:15:13-47
179            <meta-data
179-->[:image_picker_android] AndroidManifest.xml:16:13-18:75
180                android:name="android.support.FILE_PROVIDER_PATHS"
180-->[:image_picker_android] AndroidManifest.xml:17:17-67
181                android:resource="@xml/flutter_image_picker_file_paths" />
181-->[:image_picker_android] AndroidManifest.xml:18:17-72
182        </provider> <!-- Trigger Google Play services to install the backported photo picker module. -->
183        <service
183-->[:image_picker_android] AndroidManifest.xml:21:9-33:19
184            android:name="com.google.android.gms.metadata.ModuleDependencies"
184-->[:image_picker_android] AndroidManifest.xml:22:13-78
185            android:enabled="false"
185-->[:image_picker_android] AndroidManifest.xml:23:13-36
186            android:exported="false" >
186-->[:image_picker_android] AndroidManifest.xml:24:13-37
187            <intent-filter>
187-->[:image_picker_android] AndroidManifest.xml:26:13-28:29
188                <action android:name="com.google.android.gms.metadata.MODULE_DEPENDENCIES" />
188-->[:image_picker_android] AndroidManifest.xml:27:17-94
188-->[:image_picker_android] AndroidManifest.xml:27:25-91
189            </intent-filter>
190
191            <meta-data
191-->[:image_picker_android] AndroidManifest.xml:30:13-32:36
192                android:name="photopicker_activity:0:required"
192-->[:image_picker_android] AndroidManifest.xml:31:17-63
193                android:value="" />
193-->[:image_picker_android] AndroidManifest.xml:32:17-33
194        </service>
195
196        <receiver
196-->[:flutter_local_notifications] AndroidManifest.xml:16:9-18:40
197            android:name="com.dexterous.flutterlocalnotifications.ActionBroadcastReceiver"
197-->[:flutter_local_notifications] AndroidManifest.xml:17:13-91
198            android:exported="false" />
198-->[:flutter_local_notifications] AndroidManifest.xml:18:13-37
199        <receiver
199-->[:flutter_local_notifications] AndroidManifest.xml:19:9-21:40
200            android:name="com.dexterous.flutterlocalnotifications.ScheduledNotificationReceiver"
200-->[:flutter_local_notifications] AndroidManifest.xml:20:13-97
201            android:exported="false" />
201-->[:flutter_local_notifications] AndroidManifest.xml:21:13-37
202        <receiver
202-->[:flutter_local_notifications] AndroidManifest.xml:22:9-31:20
203            android:name="com.dexterous.flutterlocalnotifications.ScheduledNotificationBootReceiver"
203-->[:flutter_local_notifications] AndroidManifest.xml:23:13-101
204            android:exported="false" >
204-->[:flutter_local_notifications] AndroidManifest.xml:24:13-37
205            <intent-filter>
205-->[:flutter_local_notifications] AndroidManifest.xml:25:13-30:29
206                <action android:name="android.intent.action.BOOT_COMPLETED" />
206-->[:flutter_local_notifications] AndroidManifest.xml:26:17-79
206-->[:flutter_local_notifications] AndroidManifest.xml:26:25-76
207                <action android:name="android.intent.action.MY_PACKAGE_REPLACED" />
207-->[:flutter_local_notifications] AndroidManifest.xml:27:17-84
207-->[:flutter_local_notifications] AndroidManifest.xml:27:25-81
208                <action android:name="android.intent.action.QUICKBOOT_POWERON" />
208-->[:flutter_local_notifications] AndroidManifest.xml:28:17-82
208-->[:flutter_local_notifications] AndroidManifest.xml:28:25-79
209                <action android:name="com.htc.intent.action.QUICKBOOT_POWERON" />
209-->[:flutter_local_notifications] AndroidManifest.xml:29:17-82
209-->[:flutter_local_notifications] AndroidManifest.xml:29:25-79
210            </intent-filter>
211        </receiver>
212
213        <activity
213-->[:url_launcher_android] AndroidManifest.xml:10:9-13:74
214            android:name="io.flutter.plugins.urllauncher.WebViewActivity"
214-->[:url_launcher_android] AndroidManifest.xml:11:13-74
215            android:exported="false"
215-->[:url_launcher_android] AndroidManifest.xml:12:13-37
216            android:theme="@android:style/Theme.NoTitleBar.Fullscreen" />
216-->[:url_launcher_android] AndroidManifest.xml:13:13-71
217
218        <uses-library
218-->[androidx.window:window:1.0.0-beta04] AndroidManifest.xml:25:9-27:40
219            android:name="androidx.window.extensions"
219-->[androidx.window:window:1.0.0-beta04] AndroidManifest.xml:26:13-54
220            android:required="false" />
220-->[androidx.window:window:1.0.0-beta04] AndroidManifest.xml:27:13-37
221        <uses-library
221-->[androidx.window:window:1.0.0-beta04] AndroidManifest.xml:28:9-30:40
222            android:name="androidx.window.sidecar"
222-->[androidx.window:window:1.0.0-beta04] AndroidManifest.xml:29:13-51
223            android:required="false" />
223-->[androidx.window:window:1.0.0-beta04] AndroidManifest.xml:30:13-37
224
225        <receiver
225-->[com.google.firebase:firebase-messaging:23.4.1] AndroidManifest.xml:29:9-40:20
226            android:name="com.google.firebase.iid.FirebaseInstanceIdReceiver"
226-->[com.google.firebase:firebase-messaging:23.4.1] AndroidManifest.xml:30:13-78
227            android:exported="true"
227-->[com.google.firebase:firebase-messaging:23.4.1] AndroidManifest.xml:31:13-36
228            android:permission="com.google.android.c2dm.permission.SEND" >
228-->[com.google.firebase:firebase-messaging:23.4.1] AndroidManifest.xml:32:13-73
229            <intent-filter>
229-->[:firebase_messaging] AndroidManifest.xml:32:13-34:29
230                <action android:name="com.google.android.c2dm.intent.RECEIVE" />
230-->[:firebase_messaging] AndroidManifest.xml:33:17-81
230-->[:firebase_messaging] AndroidManifest.xml:33:25-78
231            </intent-filter>
232
233            <meta-data
233-->[com.google.firebase:firebase-messaging:23.4.1] AndroidManifest.xml:37:13-39:40
234                android:name="com.google.android.gms.cloudmessaging.FINISHED_AFTER_HANDLED"
234-->[com.google.firebase:firebase-messaging:23.4.1] AndroidManifest.xml:38:17-92
235                android:value="true" />
235-->[com.google.firebase:firebase-messaging:23.4.1] AndroidManifest.xml:39:17-37
236        </receiver>
237        <!--
238             FirebaseMessagingService performs security checks at runtime,
239             but set to not exported to explicitly avoid allowing another app to call it.
240        -->
241        <service
241-->[com.google.firebase:firebase-messaging:23.4.1] AndroidManifest.xml:46:9-53:19
242            android:name="com.google.firebase.messaging.FirebaseMessagingService"
242-->[com.google.firebase:firebase-messaging:23.4.1] AndroidManifest.xml:47:13-82
243            android:directBootAware="true"
243-->[com.google.firebase:firebase-messaging:23.4.1] AndroidManifest.xml:48:13-43
244            android:exported="false" >
244-->[com.google.firebase:firebase-messaging:23.4.1] AndroidManifest.xml:49:13-37
245            <intent-filter android:priority="-500" >
245-->[:firebase_messaging] AndroidManifest.xml:23:13-25:29
246                <action android:name="com.google.firebase.MESSAGING_EVENT" />
246-->[:firebase_messaging] AndroidManifest.xml:24:17-78
246-->[:firebase_messaging] AndroidManifest.xml:24:25-75
247            </intent-filter>
248        </service>
249
250        <provider
250-->[com.google.firebase:firebase-common:20.4.3] AndroidManifest.xml:23:9-28:39
251            android:name="com.google.firebase.provider.FirebaseInitProvider"
251-->[com.google.firebase:firebase-common:20.4.3] AndroidManifest.xml:24:13-77
252            android:authorities="com.example.nebeng.firebaseinitprovider"
252-->[com.google.firebase:firebase-common:20.4.3] AndroidManifest.xml:25:13-72
253            android:directBootAware="true"
253-->[com.google.firebase:firebase-common:20.4.3] AndroidManifest.xml:26:13-43
254            android:exported="false"
254-->[com.google.firebase:firebase-common:20.4.3] AndroidManifest.xml:27:13-37
255            android:initOrder="100" />
255-->[com.google.firebase:firebase-common:20.4.3] AndroidManifest.xml:28:13-36
256        <!--
257        Service for holding metadata. Cannot be instantiated.
258        Metadata will be merged from other manifests.
259        -->
260        <service
260-->[androidx.camera:camera-core:1.3.1] AndroidManifest.xml:29:9-33:78
261            android:name="androidx.camera.core.impl.MetadataHolderService"
261-->[androidx.camera:camera-core:1.3.1] AndroidManifest.xml:30:13-75
262            android:enabled="false"
262-->[androidx.camera:camera-core:1.3.1] AndroidManifest.xml:31:13-36
263            android:exported="false" >
263-->[androidx.camera:camera-core:1.3.1] AndroidManifest.xml:32:13-37
264            <meta-data
264-->[androidx.camera:camera-camera2:1.3.1] AndroidManifest.xml:30:13-32:89
265                android:name="androidx.camera.core.impl.MetadataHolderService.DEFAULT_CONFIG_PROVIDER"
265-->[androidx.camera:camera-camera2:1.3.1] AndroidManifest.xml:31:17-103
266                android:value="androidx.camera.camera2.Camera2Config$DefaultProvider" />
266-->[androidx.camera:camera-camera2:1.3.1] AndroidManifest.xml:32:17-86
267        </service>
268        <service
268-->[com.google.android.gms:play-services-mlkit-barcode-scanning:18.3.0] AndroidManifest.xml:9:9-15:19
269            android:name="com.google.mlkit.common.internal.MlKitComponentDiscoveryService"
269-->[com.google.android.gms:play-services-mlkit-barcode-scanning:18.3.0] AndroidManifest.xml:10:13-91
270            android:directBootAware="true"
270-->[com.google.mlkit:common:18.9.0] AndroidManifest.xml:17:13-43
271            android:exported="false" >
271-->[com.google.android.gms:play-services-mlkit-barcode-scanning:18.3.0] AndroidManifest.xml:11:13-37
272            <meta-data
272-->[com.google.android.gms:play-services-mlkit-barcode-scanning:18.3.0] AndroidManifest.xml:12:13-14:85
273                android:name="com.google.firebase.components:com.google.mlkit.vision.barcode.internal.BarcodeRegistrar"
273-->[com.google.android.gms:play-services-mlkit-barcode-scanning:18.3.0] AndroidManifest.xml:13:17-120
274                android:value="com.google.firebase.components.ComponentRegistrar" />
274-->[com.google.android.gms:play-services-mlkit-barcode-scanning:18.3.0] AndroidManifest.xml:14:17-82
275            <meta-data
275-->[com.google.mlkit:vision-common:17.3.0] AndroidManifest.xml:12:13-14:85
276                android:name="com.google.firebase.components:com.google.mlkit.vision.common.internal.VisionCommonRegistrar"
276-->[com.google.mlkit:vision-common:17.3.0] AndroidManifest.xml:13:17-124
277                android:value="com.google.firebase.components.ComponentRegistrar" />
277-->[com.google.mlkit:vision-common:17.3.0] AndroidManifest.xml:14:17-82
278            <meta-data
278-->[com.google.mlkit:common:18.9.0] AndroidManifest.xml:20:13-22:85
279                android:name="com.google.firebase.components:com.google.mlkit.common.internal.CommonComponentRegistrar"
279-->[com.google.mlkit:common:18.9.0] AndroidManifest.xml:21:17-120
280                android:value="com.google.firebase.components.ComponentRegistrar" />
280-->[com.google.mlkit:common:18.9.0] AndroidManifest.xml:22:17-82
281        </service>
282
283        <provider
283-->[com.google.mlkit:common:18.9.0] AndroidManifest.xml:9:9-13:38
284            android:name="com.google.mlkit.common.internal.MlKitInitProvider"
284-->[com.google.mlkit:common:18.9.0] AndroidManifest.xml:10:13-78
285            android:authorities="com.example.nebeng.mlkitinitprovider"
285-->[com.google.mlkit:common:18.9.0] AndroidManifest.xml:11:13-69
286            android:exported="false"
286-->[com.google.mlkit:common:18.9.0] AndroidManifest.xml:12:13-37
287            android:initOrder="99" />
287-->[com.google.mlkit:common:18.9.0] AndroidManifest.xml:13:13-35
288
289        <activity
289-->[com.google.android.gms:play-services-base:18.3.0] AndroidManifest.xml:20:9-22:45
290            android:name="com.google.android.gms.common.api.GoogleApiActivity"
290-->[com.google.android.gms:play-services-base:18.3.0] AndroidManifest.xml:20:19-85
291            android:exported="false"
291-->[com.google.android.gms:play-services-base:18.3.0] AndroidManifest.xml:22:19-43
292            android:theme="@android:style/Theme.Translucent.NoTitleBar" />
292-->[com.google.android.gms:play-services-base:18.3.0] AndroidManifest.xml:21:19-78
293
294        <meta-data
294-->[com.google.android.gms:play-services-basement:18.3.0] AndroidManifest.xml:21:9-23:69
295            android:name="com.google.android.gms.version"
295-->[com.google.android.gms:play-services-basement:18.3.0] AndroidManifest.xml:22:13-58
296            android:value="@integer/google_play_services_version" />
296-->[com.google.android.gms:play-services-basement:18.3.0] AndroidManifest.xml:23:13-66
297